C:\USERS\ADMIN\DOCUMENTS\VISUAL STUDIO 2012\PROJECTS\SDL1_2GAME\SDL1_2GAME\DEBUG\AMOOBJECT.OBJ
C:\USERS\ADMIN\DOCUMENTS\VISUAL STUDIO 2012\PROJECTS\SDL1_2GAME\SDL1_2GAME\DEBUG\BASEOBJECT.OBJ
C:\USERS\ADMIN\DOCUMENTS\VISUAL STUDIO 2012\PROJECTS\SDL1_2GAME\SDL1_2GAME\DEBUG\COMMON_FUNCTION.OBJ
C:\USERS\ADMIN\DOCUMENTS\VISUAL STUDIO 2012\PROJECTS\SDL1_2GAME\SDL1_2GAME\DEBUG\MAIN.OBJ
C:\USERS\ADMIN\DOCUMENTS\VISUAL STUDIO 2012\PROJECTS\SDL1_2GAME\SDL1_2GAME\DEBUG\MAINOBJECT.OBJ
C:\USERS\ADMIN\DOCUMENTS\VISUAL STUDIO 2012\PROJECTS\SDL1_2GAME\SDL1_2GAME\DEBUG\THREATOBJECT.OBJ
C:\USERS\ADMIN\DOCUMENTS\VISUAL STUDIO 2012\PROJECTS\SDL1_2GAME\SDL1_2GAME\DEBUG\VC110.PDB
C:\USERS\ADMIN\DOCUMENTS\VISUAL STUDIO 2012\PROJECTS\SDL1_2GAME\DEBUG\SDL1_2GAME.ILK
C:\USERS\ADMIN\DOCUMENTS\VISUAL STUDIO 2012\PROJECTS\SDL1_2GAME\DEBUG\SDL1_2GAME.EXE
C:\USERS\ADMIN\DOCUMENTS\VISUAL STUDIO 2012\PROJECTS\SDL1_2GAME\DEBUG\SDL1_2GAME.PDB
C:\Users\ADMIN\Documents\Visual Studio 2012\Projects\SDL1_2Game\SDL1_2Game\Debug\AmoObject.obj
C:\Users\ADMIN\Documents\Visual Studio 2012\Projects\SDL1_2Game\SDL1_2Game\Debug\BaseObject.obj
C:\Users\ADMIN\Documents\Visual Studio 2012\Projects\SDL1_2Game\SDL1_2Game\Debug\Common_Function.obj
C:\Users\ADMIN\Documents\Visual Studio 2012\Projects\SDL1_2Game\SDL1_2Game\Debug\cl.command.1.tlog
C:\Users\ADMIN\Documents\Visual Studio 2012\Projects\SDL1_2Game\SDL1_2Game\Debug\CL.read.1.tlog
C:\Users\ADMIN\Documents\Visual Studio 2012\Projects\SDL1_2Game\SDL1_2Game\Debug\CL.write.1.tlog
C:\Users\ADMIN\Documents\Visual Studio 2012\Projects\SDL1_2Game\SDL1_2Game\Debug\link-cvtres.read.1.tlog
C:\Users\ADMIN\Documents\Visual Studio 2012\Projects\SDL1_2Game\SDL1_2Game\Debug\link-cvtres.write.1.tlog
C:\Users\ADMIN\Documents\Visual Studio 2012\Projects\SDL1_2Game\SDL1_2Game\Debug\link-rc.read.1.tlog
C:\Users\ADMIN\Documents\Visual Studio 2012\Projects\SDL1_2Game\SDL1_2Game\Debug\link-rc.write.1.tlog
C:\Users\ADMIN\Documents\Visual Studio 2012\Projects\SDL1_2Game\SDL1_2Game\Debug\link.12912-cvtres.read.1.tlog
C:\Users\ADMIN\Documents\Visual Studio 2012\Projects\SDL1_2Game\SDL1_2Game\Debug\link.12912-cvtres.write.1.tlog
C:\Users\ADMIN\Documents\Visual Studio 2012\Projects\SDL1_2Game\SDL1_2Game\Debug\link.12912-rc.read.1.tlog
C:\Users\ADMIN\Documents\Visual Studio 2012\Projects\SDL1_2Game\SDL1_2Game\Debug\link.12912-rc.write.1.tlog
C:\Users\ADMIN\Documents\Visual Studio 2012\Projects\SDL1_2Game\SDL1_2Game\Debug\link.12912.read.1.tlog
C:\Users\ADMIN\Documents\Visual Studio 2012\Projects\SDL1_2Game\SDL1_2Game\Debug\link.12912.write.1.tlog
C:\Users\ADMIN\Documents\Visual Studio 2012\Projects\SDL1_2Game\SDL1_2Game\Debug\link.16236-cvtres.read.1.tlog
C:\Users\ADMIN\Documents\Visual Studio 2012\Projects\SDL1_2Game\SDL1_2Game\Debug\link.16236-cvtres.write.1.tlog
C:\Users\ADMIN\Documents\Visual Studio 2012\Projects\SDL1_2Game\SDL1_2Game\Debug\link.16236-rc.read.1.tlog
C:\Users\ADMIN\Documents\Visual Studio 2012\Projects\SDL1_2Game\SDL1_2Game\Debug\link.16236-rc.write.1.tlog
C:\Users\ADMIN\Documents\Visual Studio 2012\Projects\SDL1_2Game\SDL1_2Game\Debug\link.16236.read.1.tlog
C:\Users\ADMIN\Documents\Visual Studio 2012\Projects\SDL1_2Game\SDL1_2Game\Debug\link.16236.write.1.tlog
C:\Users\ADMIN\Documents\Visual Studio 2012\Projects\SDL1_2Game\SDL1_2Game\Debug\link.17772-cvtres.read.1.tlog
C:\Users\ADMIN\Documents\Visual Studio 2012\Projects\SDL1_2Game\SDL1_2Game\Debug\link.17772-cvtres.write.1.tlog
C:\Users\ADMIN\Documents\Visual Studio 2012\Projects\SDL1_2Game\SDL1_2Game\Debug\link.17772-rc.read.1.tlog
C:\Users\ADMIN\Documents\Visual Studio 2012\Projects\SDL1_2Game\SDL1_2Game\Debug\link.17772-rc.write.1.tlog
C:\Users\ADMIN\Documents\Visual Studio 2012\Projects\SDL1_2Game\SDL1_2Game\Debug\link.17772.read.1.tlog
C:\Users\ADMIN\Documents\Visual Studio 2012\Projects\SDL1_2Game\SDL1_2Game\Debug\link.17772.write.1.tlog
C:\Users\ADMIN\Documents\Visual Studio 2012\Projects\SDL1_2Game\SDL1_2Game\Debug\link.18340-cvtres.read.1.tlog
C:\Users\ADMIN\Documents\Visual Studio 2012\Projects\SDL1_2Game\SDL1_2Game\Debug\link.18340-cvtres.write.1.tlog
C:\Users\ADMIN\Documents\Visual Studio 2012\Projects\SDL1_2Game\SDL1_2Game\Debug\link.18340-rc.read.1.tlog
C:\Users\ADMIN\Documents\Visual Studio 2012\Projects\SDL1_2Game\SDL1_2Game\Debug\link.18340-rc.write.1.tlog
C:\Users\ADMIN\Documents\Visual Studio 2012\Projects\SDL1_2Game\SDL1_2Game\Debug\link.18340.read.1.tlog
C:\Users\ADMIN\Documents\Visual Studio 2012\Projects\SDL1_2Game\SDL1_2Game\Debug\link.18340.write.1.tlog
C:\Users\ADMIN\Documents\Visual Studio 2012\Projects\SDL1_2Game\SDL1_2Game\Debug\link.20176-cvtres.read.1.tlog
C:\Users\ADMIN\Documents\Visual Studio 2012\Projects\SDL1_2Game\SDL1_2Game\Debug\link.20176-cvtres.write.1.tlog
C:\Users\ADMIN\Documents\Visual Studio 2012\Projects\SDL1_2Game\SDL1_2Game\Debug\link.20176-rc.read.1.tlog
C:\Users\ADMIN\Documents\Visual Studio 2012\Projects\SDL1_2Game\SDL1_2Game\Debug\link.20176-rc.write.1.tlog
C:\Users\ADMIN\Documents\Visual Studio 2012\Projects\SDL1_2Game\SDL1_2Game\Debug\link.20176.read.1.tlog
C:\Users\ADMIN\Documents\Visual Studio 2012\Projects\SDL1_2Game\SDL1_2Game\Debug\link.20176.write.1.tlog
C:\Users\ADMIN\Documents\Visual Studio 2012\Projects\SDL1_2Game\SDL1_2Game\Debug\link.22484-cvtres.read.1.tlog
C:\Users\ADMIN\Documents\Visual Studio 2012\Projects\SDL1_2Game\SDL1_2Game\Debug\link.22484-cvtres.write.1.tlog
C:\Users\ADMIN\Documents\Visual Studio 2012\Projects\SDL1_2Game\SDL1_2Game\Debug\link.22484-rc.read.1.tlog
C:\Users\ADMIN\Documents\Visual Studio 2012\Projects\SDL1_2Game\SDL1_2Game\Debug\link.22484-rc.write.1.tlog
C:\Users\ADMIN\Documents\Visual Studio 2012\Projects\SDL1_2Game\SDL1_2Game\Debug\link.22484.read.1.tlog
C:\Users\ADMIN\Documents\Visual Studio 2012\Projects\SDL1_2Game\SDL1_2Game\Debug\link.22484.write.1.tlog
C:\Users\ADMIN\Documents\Visual Studio 2012\Projects\SDL1_2Game\SDL1_2Game\Debug\link.8520-cvtres.read.1.tlog
C:\Users\ADMIN\Documents\Visual Studio 2012\Projects\SDL1_2Game\SDL1_2Game\Debug\link.8520-cvtres.write.1.tlog
C:\Users\ADMIN\Documents\Visual Studio 2012\Projects\SDL1_2Game\SDL1_2Game\Debug\link.8520-rc.read.1.tlog
C:\Users\ADMIN\Documents\Visual Studio 2012\Projects\SDL1_2Game\SDL1_2Game\Debug\link.8520-rc.write.1.tlog
C:\Users\ADMIN\Documents\Visual Studio 2012\Projects\SDL1_2Game\SDL1_2Game\Debug\link.8520.read.1.tlog
C:\Users\ADMIN\Documents\Visual Studio 2012\Projects\SDL1_2Game\SDL1_2Game\Debug\link.8520.write.1.tlog
C:\Users\ADMIN\Documents\Visual Studio 2012\Projects\SDL1_2Game\SDL1_2Game\Debug\link.872-cvtres.read.1.tlog
C:\Users\ADMIN\Documents\Visual Studio 2012\Projects\SDL1_2Game\SDL1_2Game\Debug\link.872-cvtres.write.1.tlog
C:\Users\ADMIN\Documents\Visual Studio 2012\Projects\SDL1_2Game\SDL1_2Game\Debug\link.872-rc.read.1.tlog
C:\Users\ADMIN\Documents\Visual Studio 2012\Projects\SDL1_2Game\SDL1_2Game\Debug\link.872-rc.write.1.tlog
C:\Users\ADMIN\Documents\Visual Studio 2012\Projects\SDL1_2Game\SDL1_2Game\Debug\link.872.read.1.tlog
C:\Users\ADMIN\Documents\Visual Studio 2012\Projects\SDL1_2Game\SDL1_2Game\Debug\link.872.write.1.tlog
C:\Users\ADMIN\Documents\Visual Studio 2012\Projects\SDL1_2Game\SDL1_2Game\Debug\link.9000-cvtres.read.1.tlog
C:\Users\ADMIN\Documents\Visual Studio 2012\Projects\SDL1_2Game\SDL1_2Game\Debug\link.9000-cvtres.write.1.tlog
C:\Users\ADMIN\Documents\Visual Studio 2012\Projects\SDL1_2Game\SDL1_2Game\Debug\link.9000-rc.read.1.tlog
C:\Users\ADMIN\Documents\Visual Studio 2012\Projects\SDL1_2Game\SDL1_2Game\Debug\link.9000-rc.write.1.tlog
C:\Users\ADMIN\Documents\Visual Studio 2012\Projects\SDL1_2Game\SDL1_2Game\Debug\link.9000.read.1.tlog
C:\Users\ADMIN\Documents\Visual Studio 2012\Projects\SDL1_2Game\SDL1_2Game\Debug\link.9000.write.1.tlog
C:\Users\ADMIN\Documents\Visual Studio 2012\Projects\SDL1_2Game\SDL1_2Game\Debug\link.command.1.tlog
C:\Users\ADMIN\Documents\Visual Studio 2012\Projects\SDL1_2Game\SDL1_2Game\Debug\link.read.1.tlog
C:\Users\ADMIN\Documents\Visual Studio 2012\Projects\SDL1_2Game\SDL1_2Game\Debug\link.write.1.tlog
C:\Users\ADMIN\Documents\Visual Studio 2012\Projects\SDL1_2Game\SDL1_2Game\Debug\vc110.idb
C:\Users\ADMIN\Documents\Visual Studio 2012\Projects\SDL1_2Game\SDL1_2Game\Debug\vc110.pdb
C:\Users\ADMIN\Documents\Visual Studio 2012\Projects\SDL1_2Game\Debug\SDL1_2Game.pdb
C:\Users\ADMIN\Documents\Visual Studio 2012\Projects\SDL1_2Game\Debug\SDL1_2Game.exe
C:\Users\ADMIN\Documents\Visual Studio 2012\Projects\SDL1_2Game\Debug\SDL1_2Game.ilk
